Info : auto-selecting first available session transport "jtag". To override use 'transport select <transport>'.
DEPRECATED! use 'gdb report_data_abort', not 'gdb_report_data_abort'
Info : Initializing remote_bitbang driver
Info : Connecting to localhost:9824
Info : remote_bitbang driver initialized
Info : Note: The adapter "remote_bitbang" doesn't support configurable speed
Info : JTAG tap: riscv.cpu tap/device found: 0xdeadbeef (mfg: 0x777 (Fabric of Truth Inc), part: 0xeadb, ver: 0xd)
Warn : [riscv.cpu] The target's debug bus (DMI) address width is lower than the minimum:
Warn : [riscv.cpu]  found dtmcs.abits = 6; minimum is abits = 7.
Info : [riscv.cpu] datacount=2 progbufsize=2
Info : [riscv.cpu] Examined RISC-V core
Info : [riscv.cpu]  XLEN=32, misa=0x40141101
[riscv.cpu] Target successfully examined.
Info : [riscv.cpu] Examination succeed
Info : [riscv.cpu] starting gdb server on 3333
Info : Listening on port 3333 for gdb connections
riscv.cpu halted due to debug-request.
Info : Listening on port 6666 for tcl connections
Info : Listening on port 4444 for telnet connections
Info : accepting 'gdb' connection on tcp/3333
riscv.cpu halted due to debug-request.
Warn : Prefer GDB command "target extended-remote :3333" instead of "target remote :3333"
Info : [riscv.cpu] Found 4 triggers
Info : dropped 'gdb' connection
shutdown command invoked
Info : remote_bitbang interface quit
